<?xml version="1.0" encoding="UTF-8"?>
<!-- Generated by org.testng.reporters.JUnitReportReporter -->
<testsuite hostname="DESKTOP-RFG1HQ3" failures="0" tests="6" name="api.tests.DDTests" time="3.325" errors="0" timestamp="2024-07-24T16:19:50 EDT" skipped="0">
  <testcase classname="api.tests.DDTests" name="testPostUser" time="0.216"/>
  <system-out/>
  <testcase classname="api.tests.DDTests" name="testPostUser" time="2.345"/>
  <system-out/>
  <testcase classname="api.tests.DDTests" name="testPostUser" time="0.190"/>
  <system-out/>
  <testcase classname="api.tests.DDTests" name="testDeleteUserByName" time="0.220"/>
  <system-out/>
  <testcase classname="api.tests.DDTests" name="testDeleteUserByName" time="0.177"/>
  <system-out/>
  <testcase classname="api.tests.DDTests" name="testDeleteUserByName" time="0.177"/>
  <system-out/>
</testsuite> <!-- api.tests.DDTests -->
