<?xml version="1.0" encoding="UTF-8"?>
<!-- Generated by org.testng.reporters.JUnitReportReporter -->
<testsuite hostname="DESKTOP-RFG1HQ3" failures="0" tests="4" name="api.tests.UserTests" time="0.932" errors="0" timestamp="2024-07-24T16:19:50 EDT" skipped="0">
  <testcase classname="api.tests.UserTests" name="testPostUser" time="0.172"/>
  <system-out/>
  <testcase classname="api.tests.UserTests" name="testGetUserByName" time="0.178"/>
  <system-out/>
  <testcase classname="api.tests.UserTests" name="testUpdateUserByName" time="0.391"/>
  <system-out/>
  <testcase classname="api.tests.UserTests" name="deleteUser" time="0.191"/>
  <system-out/>
</testsuite> <!-- api.tests.UserTests -->
