<?xml version="1.0" encoding="UTF-8"?>
<!-- Generated by org.testng.reporters.JUnitReportReporter -->
<testsuite hostname="DESKTOP-RFG1HQ3" failures="0" tests="4" name="api.tests.UserTests2" time="3.678" errors="0" timestamp="2024-07-25T11:03:53 EDT" skipped="0">
  <testcase classname="api.tests.UserTests2" name="testPostUser" time="2.630"/>
  <system-out/>
  <testcase classname="api.tests.UserTests2" name="testGetUserByName" time="0.273"/>
  <system-out/>
  <testcase classname="api.tests.UserTests2" name="testUpdateUserByName" time="0.509"/>
  <system-out/>
  <testcase classname="api.tests.UserTests2" name="deleteUser" time="0.266"/>
  <system-out/>
</testsuite> <!-- api.tests.UserTests2 -->
