<?xml version="1.0" encoding="UTF-8"?>
<!-- Generated by org.testng.reporters.JUnitReportReporter -->
<testsuite hostname="DESKTOP-RFG1HQ3" failures="0" tests="4" name="api.tests.UserTests2" time="3.130" errors="0" timestamp="2024-07-25T13:07:56 EDT" skipped="0">
  <testcase classname="api.tests.UserTests2" name="testPostUser" time="2.320"/>
  <testcase classname="api.tests.UserTests2" name="testGetUserByName" time="0.249"/>
  <testcase classname="api.tests.UserTests2" name="testUpdateUserByName" time="0.370"/>
  <testcase classname="api.tests.UserTests2" name="deleteUser" time="0.191"/>
</testsuite> <!-- api.tests.UserTests2 -->
