<?xml version="1.0" encoding="UTF-8"?>
<!-- Generated by org.testng.reporters.JUnitReportReporter -->
<testsuite hostname="DESKTOP-RFG1HQ3" failures="0" tests="4" name="api.tests.UserTests2" time="2.849" errors="0" timestamp="2024-07-25T18:24:37 EDT" skipped="0">
  <testcase classname="api.tests.UserTests2" name="testPostUser" time="2.076"/>
  <testcase classname="api.tests.UserTests2" name="testGetUserByName" time="0.215"/>
  <testcase classname="api.tests.UserTests2" name="testUpdateUserByName" time="0.385"/>
  <testcase classname="api.tests.UserTests2" name="deleteUser" time="0.173"/>
</testsuite> <!-- api.tests.UserTests2 -->
